<?xml version="1.0" encoding="UTF-8"?>
<!-- Generated by org.testng.reporters.JUnitReportReporter -->
<testsuite hostname="DESKTOP-NDTMKFR" failures="0" tests="1" name="Testcases.waitsInSelenium" time="0.000" errors="0" timestamp="2022-08-01T14:52:54 IST" skipped="1">
  <testcase classname="Testcases.waitsInSelenium" name="waitInSelenium" time="0.000">
    <skipped/>
  </testcase> <!-- waitInSelenium -->
  <system-out/>
</testsuite> <!-- Testcases.waitsInSelenium -->
