<?xml version="1.0" encoding="UTF-8"?>
<!-- Generated by org.testng.reporters.JUnitReportReporter -->
<testsuite hostname="DESKTOP-NDTMKFR" failures="0" tests="1" name="Testcases.HowToReadExcelFile" time="0.000" errors="0" timestamp="2022-08-06T13:22:58 IST" skipped="1">
  <testcase classname="Testcases.HowToReadExcelFile" name="readExcel" time="0.000">
    <skipped/>
  </testcase> <!-- readExcel -->
  <system-out/>
</testsuite> <!-- Testcases.HowToReadExcelFile -->
