<?xml version="1.0" encoding="UTF-8"?>
<!-- Generated by org.testng.reporters.JUnitReportReporter -->
<testsuite hostname="DESKTOP-NDTMKFR" failures="0" tests="3" name="Testcases.SetPriority" time="0.000" errors="0" timestamp="2022-08-06T13:22:59 IST" skipped="3">
  <testcase classname="Testcases.SetPriority" name="atest1" time="0.000">
    <skipped/>
  </testcase> <!-- atest1 -->
  <system-out/>
  <testcase classname="Testcases.SetPriority" name="ctest3" time="0.000">
    <skipped/>
  </testcase> <!-- ctest3 -->
  <system-out/>
  <testcase classname="Testcases.SetPriority" name="btest2">
    <skipped/>
  </testcase> <!-- btest2 -->
  <system-out/>
</testsuite> <!-- Testcases.SetPriority -->
