<?xml version="1.0" encoding="UTF-8"?>
<!-- Generated by org.testng.reporters.JUnitReportReporter -->
<testsuite hostname="DESKTOP-NDTMKFR" failures="0" tests="1" name="Testcases.HowToHandleAlerts" time="0.000" errors="0" timestamp="2022-08-01T14:52:53 IST" skipped="1">
  <testcase classname="Testcases.HowToHandleAlerts" name="handleAlerts" time="0.000">
    <skipped/>
  </testcase> <!-- handleAlerts -->
  <system-out/>
</testsuite> <!-- Testcases.HowToHandleAlerts -->
