<?xml version="1.0" encoding="UTF-8"?>
<!-- Generated by org.testng.reporters.JUnitReportReporter -->
<testsuite hostname="DESKTOP-NDTMKFR" failures="0" tests="2" name="Testcases.HowToTakeScreenShortonFalure" time="0.000" errors="0" timestamp="2022-08-06T13:22:59 IST" skipped="2">
  <testcase classname="Testcases.HowToTakeScreenShortonFalure" name="takescreenshotOnFalure" time="0.000">
    <skipped/>
  </testcase> <!-- takescreenshotOnFalure -->
  <system-out/>
  <testcase classname="Testcases.HowToTakeScreenShortonFalure" name="takescreenshotOnFailure" time="0.000">
    <skipped/>
  </testcase> <!-- takescreenshotOnFailure -->
  <system-out/>
</testsuite> <!-- Testcases.HowToTakeScreenShortonFalure -->
