<?xml version="1.0" encoding="UTF-8"?>
<!-- Generated by org.testng.reporters.JUnitReportReporter -->
<testsuite hostname="DESKTOP-NDTMKFR" failures="0" tests="6" name="Testcases.ParallellExcution" time="0.000" errors="0" timestamp="2022-08-06T13:22:59 IST" skipped="6">
  <testcase classname="Testcases.ParallellExcution" name="test5" time="0.000">
    <skipped/>
  </testcase> <!-- test5 -->
  <system-out/>
  <testcase classname="Testcases.ParallellExcution" name="test3" time="0.000">
    <skipped/>
  </testcase> <!-- test3 -->
  <system-out/>
  <testcase classname="Testcases.ParallellExcution" name="test6" time="0.000">
    <skipped/>
  </testcase> <!-- test6 -->
  <system-out/>
  <testcase classname="Testcases.ParallellExcution" name="test2" time="0.000">
    <skipped/>
  </testcase> <!-- test2 -->
  <system-out/>
  <testcase classname="Testcases.ParallellExcution" name="test4" time="0.000">
    <skipped/>
  </testcase> <!-- test4 -->
  <system-out/>
  <testcase classname="Testcases.ParallellExcution" name="test1" time="0.000">
    <skipped/>
  </testcase> <!-- test1 -->
  <system-out/>
</testsuite> <!-- Testcases.ParallellExcution -->
