<?xml version="1.0" encoding="UTF-8"?>
<!-- Generated by org.testng.reporters.JUnitReportReporter -->
<testsuite hostname="DESKTOP-NDTMKFR" failures="0" tests="2" name="Testcases.DataDriverByDataProvider" time="0.000" errors="0" timestamp="2022-08-06T13:22:59 IST" skipped="2">
  <testcase classname="Testcases.DataDriverByDataProvider" name="verifyValidLogin" time="0.000">
    <skipped/>
  </testcase> <!-- verifyValidLogin -->
  <system-out/>
  <testcase classname="Testcases.DataDriverByDataProvider" name="verifyValidLogin" time="0.000">
    <skipped/>
  </testcase> <!-- verifyValidLogin -->
  <system-out/>
</testsuite> <!-- Testcases.DataDriverByDataProvider -->
