<?xml version="1.0" encoding="UTF-8"?>
<!-- Generated by org.testng.reporters.JUnitReportReporter -->
<testsuite hostname="DESKTOP-NDTMKFR" failures="0" tests="1" name="Testcases.LocatorStatergy" time="0.000" errors="0" timestamp="2022-08-06T13:22:59 IST" skipped="1">
  <testcase classname="Testcases.LocatorStatergy" name="locators" time="0.000">
    <skipped/>
  </testcase> <!-- locators -->
  <system-out/>
</testsuite> <!-- Testcases.LocatorStatergy -->
