<?xml version="1.0" encoding="UTF-8"?>
<!-- Generated by org.testng.reporters.JUnitReportReporter -->
<testsuite hostname="DESKTOP-NDTMKFR" failures="0" tests="2" name="Testcases.SoftAssert" time="0.000" errors="0" timestamp="2022-08-06T13:22:59 IST" skipped="2">
  <testcase classname="Testcases.SoftAssert" name="testAssertions" time="0.000">
    <skipped/>
  </testcase> <!-- testAssertions -->
  <system-out/>
  <testcase classname="Testcases.SoftAssert" name="testAssertions1" time="0.000">
    <skipped/>
  </testcase> <!-- testAssertions1 -->
  <system-out/>
</testsuite> <!-- Testcases.SoftAssert -->
